<?xml version="1.0" encoding="UTF-8"?>
<!-- Generated by org.testng.reporters.JUnitReportReporter -->
<testsuite skipped="0" hostname="krish" name="pack1.c1" tests="1" failures="0" timestamp="25 Oct 2022 03:48:26 GMT" time="3.855" errors="0">
  <testcase name="al" time="3.855" classname="pack1.c1"/>
</testsuite> <!-- pack1.c1 -->
